# JRE version: OpenJDK Runtime Environment (Red_Hat-21.0.4.0+7-1) (21.0.4+7) (build 21.0.4+7-LTS)
# Java VM: OpenJDK 64-Bit Server VM (Red_Hat-21.0.4.0+7-1) (21.0.4+7-LTS, mixed mode, emulated-client, sharing, tiered, compressed oops, compressed class ptrs, g1 gc, windows-amd64)
GC Precious Log:
 CardTable entry size: 512
 Card Set container configuration: InlinePtr #cards 4 size 8 Array Of Cards #cards 16 size 48 Howl #buckets 8 coarsen threshold 3686 Howl Bitmap #cards 512 size 80 coarsen threshold 460 Card regions per heap region 1 cards per card region 4096
 CPUs: 12 total, 12 available
 Memory: 16312M
 Large Page Support: Disabled
 NUMA Support: Disabled
 Compressed Oops: Enabled (Zero based)
 Heap Region Size: 2M
 Heap Min Capacity: 8M
 Heap Initial Capacity: 256M
 Heap Max Capacity: 4080M
 Pre-touch: Disabled
 Parallel Workers: 10
 Concurrent Workers: 3
 Concurrent Refinement Workers: 10
 Periodic GC: Disabled
Heap:
 garbage-first heap   total 98304K, used 66776K [0x0000000701000000, 0x0000000800000000)
  region size 2048K, 24 young (49152K), 3 survivors (6144K)
 Metaspace       used 19663K, committed 20736K, reserved 1114112K
  class space    used 2821K, committed 3328K, reserved 1048576K
GC Heap History (12 events):
Event: 3.482 GC heap before
{Heap before GC invocations=0 (full 0):
 garbage-first heap   total 262144K, used 22528K [0x0000000701000000, 0x0000000800000000)
  region size 2048K, 11 young (22528K), 0 survivors (0K)
 Metaspace       used 3825K, committed 3968K, reserved 1114112K
  class space    used 445K, committed 512K, reserved 1048576K
}
Event: 3.486 GC heap after
{Heap after GC invocations=1 (full 0):
 garbage-first heap   total 262144K, used 10293K [0x0000000701000000, 0x0000000800000000)
  region size 2048K, 2 young (4096K), 2 survivors (4096K)
 Metaspace       used 3825K, committed 3968K, reserved 1114112K
  class space    used 445K, committed 512K, reserved 1048576K
}
Event: 3.607 GC heap before
{Heap before GC invocations=1 (full 0):
 garbage-first heap   total 262144K, used 30773K [0x0000000701000000, 0x0000000800000000)
  region size 2048K, 12 young (24576K), 2 survivors (4096K)
 Metaspace       used 4048K, committed 4288K, reserved 1114112K
  class space    used 486K, committed 640K, reserved 1048576K
}
Event: 3.612 GC heap after
{Heap after GC invocations=2 (full 0):
 garbage-first heap   total 262144K, used 15690K [0x0000000701000000, 0x0000000800000000)
  region size 2048K, 2 young (4096K), 2 survivors (4096K)
 Metaspace       used 4048K, committed 4288K, reserved 1114112K
  class space    used 486K, committed 640K, reserved 1048576K
}
Event: 3.845 GC heap before
{Heap before GC invocations=2 (full 0):
 garbage-first heap   total 262144K, used 46410K [0x0000000701000000, 0x0000000800000000)
  region size 2048K, 18 young (36864K), 2 survivors (4096K)
 Metaspace       used 7178K, committed 7552K, reserved 1114112K
  class space    used 912K, committed 1088K, reserved 1048576K
}
Event: 3.850 GC heap after
{Heap after GC invocations=3 (full 0):
 garbage-first heap   total 262144K, used 21428K [0x0000000701000000, 0x0000000800000000)
  region size 2048K, 3 young (6144K), 3 survivors (6144K)
 Metaspace       used 7178K, committed 7552K, reserved 1114112K
  class space    used 912K, committed 1088K, reserved 1048576K
}
Event: 4.008 GC heap before
{Heap before GC invocations=3 (full 0):
 garbage-first heap   total 262144K, used 33716K [0x0000000701000000, 0x0000000800000000)
  region size 2048K, 10 young (20480K), 3 survivors (6144K)
 Metaspace       used 8730K, committed 9152K, reserved 1114112K
  class space    used 1142K, committed 1344K, reserved 1048576K
}
Event: 4.011 GC heap after
{Heap after GC invocations=4 (full 0):
 garbage-first heap   total 262144K, used 22210K [0x0000000701000000, 0x0000000800000000)
  region size 2048K, 4 young (8192K), 4 survivors (8192K)
 Metaspace       used 8730K, committed 9152K, reserved 1114112K
  class space    used 1142K, committed 1344K, reserved 1048576K
}
Event: 4.262 GC heap before
{Heap before GC invocations=5 (full 0):
 garbage-first heap   total 81920K, used 63170K [0x0000000701000000, 0x0000000800000000)
  region size 2048K, 24 young (49152K), 4 survivors (8192K)
 Metaspace       used 13145K, committed 13568K, reserved 1114112K
  class space    used 1740K, committed 1984K, reserved 1048576K
}
Event: 4.266 GC heap after
{Heap after GC invocations=6 (full 0):
 garbage-first heap   total 81920K, used 25183K [0x0000000701000000, 0x0000000800000000)
  region size 2048K, 2 young (4096K), 2 survivors (4096K)
 Metaspace       used 13145K, committed 13568K, reserved 1114112K
  class space    used 1740K, committed 1984K, reserved 1048576K
}
Event: 4.400 GC heap before
{Heap before GC invocations=6 (full 0):
 garbage-first heap   total 81920K, used 59999K [0x0000000701000000, 0x0000000800000000)
  region size 2048K, 20 young (40960K), 2 survivors (4096K)
 Metaspace       used 16956K, committed 17792K, reserved 1114112K
  class space    used 2401K, committed 2752K, reserved 1048576K
}
Event: 4.405 GC heap after
{Heap after GC invocations=7 (full 0):
 garbage-first heap   total 98304K, used 27864K [0x0000000701000000, 0x0000000800000000)
  region size 2048K, 3 young (6144K), 3 survivors (6144K)
 Metaspace       used 16956K, committed 17792K, reserved 1114112K
  class space    used 2401K, committed 2752K, reserved 1048576K
}

